Flutter crash report; please file at https://github.com/flutter/flutter/issues.

## command

flutter packages get

## exception

YamlException: Error on line 33, column 3: Expected ':'.
  #  - images/a_dot_burr.jpeg
  ^

```
#0      Scanner._staleSimpleKeys (package:yaml/src/scanner.dart:491)
#1      Scanner._fetchMoreTokens (package:yaml/src/scanner.dart:325)
#2      Scanner.peek (package:yaml/src/scanner.dart:317)
#3      Parser._parseBlockSequenceEntry (package:yaml/src/parser.dart:355)
#4      Parser._stateMachine (package:yaml/src/parser.dart:77)
#5      Parser.parse (package:yaml/src/parser.dart:47)
#6      Loader._loadSequence (package:yaml/src/loader.dart:142)
#7      Loader._loadNode (package:yaml/src/loader.dart:84)
#8      Loader._loadMapping (package:yaml/src/loader.dart:165)
#9      Loader._loadNode (package:yaml/src/loader.dart:86)
#10     Loader._loadMapping (package:yaml/src/loader.dart:165)
#11     Loader._loadNode (package:yaml/src/loader.dart:86)
#12     Loader._loadDocument (package:yaml/src/loader.dart:62)
#13     Loader.load (package:yaml/src/loader.dart:54)
#14     loadYamlDocument (package:yaml/yaml.dart:51)
#15     loadYamlNode (package:yaml/yaml.dart:42)
#16     loadYaml (package:yaml/yaml.dart:34)
#17     _pluginFromPubspec (package:flutter_tools/src/plugins.dart:52)
#18     _findPlugins.<anonymous closure> (package:flutter_tools/src/plugins.dart:75)
#19     _HashVMBase&MapMixin&&_LinkedHashMapMixin.forEach (dart:collection-patch/dart:collection/compact_hash.dart:363)
#20     _findPlugins (package:flutter_tools/src/plugins.dart:73)
#21     injectPlugins (package:flutter_tools/src/plugins.dart:238)
#22     FlutterProject.ensureReadyForPlatformSpecificTooling (package:flutter_tools/src/project.dart:62)
#23     PackagesGetCommand.runCommand (package:flutter_tools/src/commands/packages.dart:80)
<asynchronous suspension>
#24     FlutterCommand.verifyThenRunCommand (package:flutter_tools/src/runner/flutter_command.dart:333)
<asynchronous suspension>
#25     FlutterCommand.run.<anonymous closure> (package:flutter_tools/src/runner/flutter_command.dart:270)
<asynchronous suspension>
#26     AppContext.run.<anonymous closure> (package:flutter_tools/src/base/context.dart:142)
<asynchronous suspension>
#27     _rootRun (dart:async/zone.dart:1126)
#28     _CustomZone.run (dart:async/zone.dart:1023)
#29     runZoned (dart:async/zone.dart:1501)
#30     AppContext.run (package:flutter_tools/src/base/context.dart:141)
<asynchronous suspension>
#31     FlutterCommand.run (package:flutter_tools/src/runner/flutter_command.dart:261)
#32     CommandRunner.runCommand (package:args/command_runner.dart:194)
<asynchronous suspension>
#33     FlutterCommandRunner.runCommand.<anonymous closure> (package:flutter_tools/src/runner/flutter_command_runner.dart:309)
<asynchronous suspension>
#34     AppContext.run.<anonymous closure> (package:flutter_tools/src/base/context.dart:142)
<asynchronous suspension>
#35     _rootRun (dart:async/zone.dart:1126)
#36     _CustomZone.run (dart:async/zone.dart:1023)
#37     runZoned (dart:async/zone.dart:1501)
#38     AppContext.run (package:flutter_tools/src/base/context.dart:141)
<asynchronous suspension>
#39     FlutterCommandRunner.runCommand (package:flutter_tools/src/runner/flutter_command_runner.dart:265)
<asynchronous suspension>
#40     CommandRunner.run.<anonymous closure> (package:args/command_runner.dart:109)
#41     new Future.sync (dart:async/future.dart:224)
#42     CommandRunner.run (package:args/command_runner.dart:109)
#43     FlutterCommandRunner.run (package:flutter_tools/src/runner/flutter_command_runner.dart:174)
#44     run.<anonymous closure> (package:flutter_tools/runner.dart:54)
<asynchronous suspension>
#45     AppContext.run.<anonymous closure> (package:flutter_tools/src/base/context.dart:142)
<asynchronous suspension>
#46     _rootRun (dart:async/zone.dart:1126)
#47     _CustomZone.run (dart:async/zone.dart:1023)
#48     runZoned (dart:async/zone.dart:1501)
#49     AppContext.run (package:flutter_tools/src/base/context.dart:141)
<asynchronous suspension>
#50     runInContext (package:flutter_tools/src/context_runner.dart:41)
<asynchronous suspension>
#51     run (package:flutter_tools/runner.dart:49)
#52     main (package:flutter_tools/executable.dart:48)
<asynchronous suspension>
#53     main (file:///Users/akshay72/flutter/packages/flutter_tools/bin/flutter_tools.dart:8)
#54     _startIsolate.<anonymous closure> (dart:isolate-patch/dart:isolate/isolate_patch.dart:277)
#55     _RawReceivePortImpl._handleMessage (dart:isolate-patch/dart:isolate/isolate_patch.dart:165)
```

## flutter doctor

```
[✓] Flutter (Channel beta, v0.3.1, on Mac OS X 10.13.4 17E199, locale en-IN)
    • Flutter version 0.3.1 at /Users/akshay72/flutter
    • Framework revision 12bbaba9ae (3 weeks ago), 2018-04-19 23:36:15 -0700
    • Engine revision 09d05a3891
    • Dart version 2.0.0-dev.48.0.flutter-fe606f890b

[✓] Android toolchain - develop for Android devices (Android SDK 27.0.3)
    • Android SDK at /Users/akshay72/Library/Android/sdk
    • Android NDK location not configured (optional; useful for native profiling support)
    • Platform android-27, build-tools 27.0.3
    • Java binary at: /Library/Java/JavaVirtualMachines/jdk1.8.0_161.jdk/Contents/Home/bin/java
    • Java version Java(TM) SE Runtime Environment (build 1.8.0_161-b12)
    • All Android licenses accepted.

[✓] iOS toolchain - develop for iOS devices (Xcode 9.3)
    • Xcode at /Applications/Xcode.app/Contents/Developer
    • Xcode 9.3, Build version 9E145
    • ios-deploy 1.9.2
    • CocoaPods version 1.4.0

[✗] Android Studio (not installed)
    • Android Studio not found; download from https://developer.android.com/studio/index.html
      (or visit https://flutter.io/setup/#android-setup for detailed instructions).

[✓] Connected devices (1 available)
    • iPhone X • C20B342F-0D52-44FC-ADD5-CC2FF2B3FEA3 • ios • iOS 11.3 (simulator)

! Doctor found issues in 1 category.
```
